<?xml version="1.0" encoding="UTF-8"?>
<!-- Generated by org.testng.reporters.JUnitReportReporter -->
<testsuite hostname="MSI" failures="0" tests="1" name="testscript.AdminUsersSearchTest" time="7.772" errors="0" timestamp="2024-12-08T23:48:18 IST" skipped="0">
  <testcase classname="testscript.AdminUsersSearchTest" name="verifyWhetherUsercanSearchAdminUsersandGetMatchingResults" time="7.772"/>
</testsuite> <!-- testscript.AdminUsersSearchTest -->
