<?xml version="1.0" encoding="UTF-8"?>
<!-- Generated by org.testng.reporters.JUnitReportReporter -->
<testsuite hostname="MSI" failures="0" tests="1" name="testscript.AdminUsersTest" time="12.519" errors="0" timestamp="2024-12-12T08:44:00 IST" skipped="0">
  <testcase classname="testscript.AdminUsersTest" name="verifyWhethertheUsercanAddaNewUsernameandPasswordtotheAdminUsersList" time="12.519"/>
</testsuite> <!-- testscript.AdminUsersTest -->
