<?xml version="1.0" encoding="UTF-8"?>
<!-- Generated by org.testng.reporters.JUnitReportReporter -->
<testsuite hostname="MSI" failures="0" tests="1" name="testscript.ManageFooterTextTest" time="8.298" errors="0" timestamp="2024-12-08T22:36:29 IST" skipped="0">
  <testcase classname="testscript.ManageFooterTextTest" name="verifyUsercanUpdateFooterTextInformationbyEnteringAddressEmailandPhoneNumber" time="8.298"/>
</testsuite> <!-- testscript.ManageFooterTextTest -->
