<?xml version="1.0" encoding="UTF-8"?>
<!-- Generated by org.testng.reporters.JUnitReportReporter -->
<testsuite hostname="MSI" failures="0" tests="1" name="testscript.SubCategoryTest" time="8.033" errors="0" timestamp="2024-12-08T22:40:49 IST" skipped="0">
  <testcase classname="testscript.SubCategoryTest" name="verifyUserAbletoAddaNewItemtoTheSubCategoryList" time="8.033"/>
</testsuite> <!-- testscript.SubCategoryTest -->
