<?xml version="1.0" encoding="UTF-8"?>
<!-- Generated by org.testng.reporters.JUnitReportReporter -->
<testsuite hostname="MSI" failures="0" tests="1" name="testscript.CategorySearchTest" time="10.710" errors="0" timestamp="2024-12-10T08:21:32 IST" skipped="0">
  <testcase classname="testscript.CategorySearchTest" name="veryfyUsercanSearchACategoryinListCategoryPage" time="10.710"/>
</testsuite> <!-- testscript.CategorySearchTest -->
