<?xml version="1.0" encoding="UTF-8"?>
<!-- Generated by org.testng.reporters.JUnitReportReporter -->
<testsuite hostname="MSI" failures="0" tests="1" name="testscript.AdminUsersTest" time="18.226" errors="0" timestamp="2024-12-09T11:55:46 IST" skipped="0">
  <testcase classname="testscript.AdminUsersTest" name="verifyWhethertheUsercanAddaNewUsernameandPasswordtotheAdminUsersList" time="18.226"/>
</testsuite> <!-- testscript.AdminUsersTest -->
