<?xml version="1.0" encoding="UTF-8"?>
<!-- Generated by org.testng.reporters.JUnitReportReporter -->
<testsuite hostname="MSI" failures="0" tests="1" name="testscript.ManageNewsTest" time="7.250" errors="0" timestamp="2024-12-08T22:37:39 IST" skipped="0">
  <testcase classname="testscript.ManageNewsTest" name="verifyUsercanEnterNewNewsInformations" time="7.250"/>
</testsuite> <!-- testscript.ManageNewsTest -->
